── Ralph iteration · 2026-07-11T15:51Z
   next task: T5  Docs infrastructure: registry, /docs layout, sidebar
   watch:     tail -f ralph/heartbeat.log
    0m00s · searching · 0 file(s)
    0m15s · searching · 0 file(s)
    0m30s · searching · 0 file(s)
    0m45s · searching · 0 file(s)
    1m00s · searching · 0 file(s)
    1m15s · searching · 0 file(s)
    1m30s · searching · 0 file(s)
    1m45s · searching · 0 file(s)
    2m00s · searching · 0 file(s)
    2m15s · searching · 0 file(s)
    2m30s · searching · 0 file(s)
    2m45s · searching · 0 file(s)
    3m00s · searching · 0 file(s)
    3m15s · editing   · 1 file(s) · hooks-registry.ts
    3m30s · editing   · 3 file(s) · HookCard.tsx,Sidebar.tsx,hooks-registry.ts
    3m45s · editing   · 4 file(s) · ,HookCard.tsx,Sidebar.tsx,hooks-registry.ts
    4m00s · editing   · 4 file(s) · ,HookCard.tsx,Sidebar.tsx,hooks-registry.ts
    4m15s · editing   · 4 file(s) · ,HookCard.tsx,Sidebar.tsx,hooks-registry.ts
    4m30s · editing   · 4 file(s) · ,HookCard.tsx,Sidebar.tsx,hooks-registry.ts
    4m46s · editing   · 4 file(s) · ,HookCard.tsx,Sidebar.tsx,hooks-registry.ts
    5m01s · editing   · 4 file(s) · ,HookCard.tsx,Sidebar.tsx,hooks-registry.ts
    5m16s · editing   · 4 file(s) · ,HookCard.tsx,Sidebar.tsx,hooks-registry.ts
    5m31s · editing   · 4 file(s) · ,HookCard.tsx,Sidebar.tsx,hooks-registry.ts
